CMRI Bioinformatics INFO [2021-11-19 01:34:20] |    ______     __    __     ______     __       
CMRI Bioinformatics INFO [2021-11-19 01:34:20] |   /\  ___\   /\ "-./  \   /\  == \   /\ \      
CMRI Bioinformatics INFO [2021-11-19 01:34:20] |   \ \ \____  \ \ \-./\ \  \ \  __<   \ \ \     
CMRI Bioinformatics INFO [2021-11-19 01:34:20] |    \ \_____\  \ \_\ \ \_\  \ \_\ \_\  \ \_\    
CMRI Bioinformatics INFO [2021-11-19 01:34:20] |     \/_____/   \/_/  \/_/   \/_/ /_/   \/_/    
CMRI Bioinformatics INFO [2021-11-19 01:34:20] | 
CMRI Bioinformatics INFO [2021-11-19 01:34:20] | ---- Children’s Medical Research Institute ----
CMRI Bioinformatics INFO [2021-11-19 01:34:20] |  Finding cures for childhood genetic diseases  
CMRI Bioinformatics INFO [2021-11-19 01:34:20] | 
CMRI Bioinformatics INFO [2021-11-19 01:34:20] |  ==============================================
CMRI Bioinformatics INFO [2021-11-19 01:34:20] |  ProteomeRiver
CMRI Bioinformatics INFO [2021-11-19 01:34:20] |  Author(s): Ignatius Pang,Pablo Galaviz
CMRI Bioinformatics INFO [2021-11-19 01:34:20] |  cmri-bioinformatics@cmri.org.au
CMRI Bioinformatics INFO [2021-11-19 01:34:20] |  ==============================================
CMRI Bioinformatics INFO [2021-11-19 01:34:20] | 
CMRI Bioinformatics INFO [2021-11-19 01:34:20] | Reading configuration file /home/ignatius/PostDoc/2021/MultiPhos2021/Source/PLoS_2019/config_phos.ini
CMRI Bioinformatics INFO [2021-11-19 01:34:20] | Argument: Value
CMRI Bioinformatics INFO [2021-11-19 01:34:20] | ----------------------------------------------------
CMRI Bioinformatics INFO [2021-11-19 01:34:20] | input_wide_file : de_phos/de_phos_wide.tsv
CMRI Bioinformatics INFO [2021-11-19 01:34:20] | input_long_file : de_phos/de_phos_long.tsv
CMRI Bioinformatics INFO [2021-11-19 01:34:20] | raw_counts_file : clean_phos/sum_phoshpsites.tsv
CMRI Bioinformatics INFO [2021-11-19 01:34:20] | output_wide_file : de_phos_wide_annot.tsv
CMRI Bioinformatics INFO [2021-11-19 01:34:20] | output_long_file : de_phos_long_annot.tsv
CMRI Bioinformatics INFO [2021-11-19 01:34:20] | taxonomy_id : 9606
CMRI Bioinformatics INFO [2021-11-19 01:34:20] | phosphosite_db_dir : /home/ignatius/PostDoc/2021/ALPK1_2021/Data/PhosphositePlus/20210730
CMRI Bioinformatics INFO [2021-11-19 01:34:20] | near_ptm_num_residues : 5
CMRI Bioinformatics INFO [2021-11-19 01:34:20] | reactome_file : UniProt2Reactome.txt
CMRI Bioinformatics INFO [2021-11-19 01:34:20] | uniprot_file : uniprot_data_phos.RDS
CMRI Bioinformatics INFO [2021-11-19 01:34:20] | help : FALSE
CMRI Bioinformatics INFO [2021-11-19 01:34:20] | debug : FALSE
CMRI Bioinformatics INFO [2021-11-19 01:34:20] | silent : FALSE
CMRI Bioinformatics INFO [2021-11-19 01:34:20] | no_backup : FALSE
CMRI Bioinformatics INFO [2021-11-19 01:34:20] | config : /home/ignatius/PostDoc/2021/MultiPhos2021/Source/PLoS_2019/config_phos.ini
CMRI Bioinformatics INFO [2021-11-19 01:34:20] | output_dir : annot_phos
CMRI Bioinformatics INFO [2021-11-19 01:34:20] | tmp_dir : cache
CMRI Bioinformatics INFO [2021-11-19 01:34:20] | log_file : output.log
CMRI Bioinformatics INFO [2021-11-19 01:34:20] | ----------------------------------------------------
CMRI Bioinformatics ERROR [2021-11-19 01:34:20] | Missing required file: de_phos/de_phos_wide.tsv
