CMRI Bioinformatics INFO [2021-12-25 02:31:58] |    ______     __    __     ______     __       
CMRI Bioinformatics INFO [2021-12-25 02:31:58] |   /\  ___\   /\ "-./  \   /\  == \   /\ \      
CMRI Bioinformatics INFO [2021-12-25 02:31:58] |   \ \ \____  \ \ \-./\ \  \ \  __<   \ \ \     
CMRI Bioinformatics INFO [2021-12-25 02:31:58] |    \ \_____\  \ \_\ \ \_\  \ \_\ \_\  \ \_\    
CMRI Bioinformatics INFO [2021-12-25 02:31:58] |     \/_____/   \/_/  \/_/   \/_/ /_/   \/_/    
CMRI Bioinformatics INFO [2021-12-25 02:31:58] | 
CMRI Bioinformatics INFO [2021-12-25 02:31:58] | ---- Children’s Medical Research Institute ----
CMRI Bioinformatics INFO [2021-12-25 02:31:58] |  Finding cures for childhood genetic diseases  
CMRI Bioinformatics INFO [2021-12-25 02:31:58] | 
CMRI Bioinformatics INFO [2021-12-25 02:31:58] |  ==============================================
CMRI Bioinformatics INFO [2021-12-25 02:31:58] |  ProteomeRiver
CMRI Bioinformatics INFO [2021-12-25 02:31:58] |  Author(s): Ignatius Pang,Pablo Galaviz
CMRI Bioinformatics INFO [2021-12-25 02:31:58] |  cmri-bioinformatics@cmri.org.au
CMRI Bioinformatics INFO [2021-12-25 02:31:58] |  ==============================================
CMRI Bioinformatics INFO [2021-12-25 02:31:58] | 
CMRI Bioinformatics INFO [2021-12-25 02:31:58] | Reading configuration file /home/ignatius/PostDoc/2021/MultiPhos2021/Source/PLoS_2019/config_phos.ini
CMRI Bioinformatics INFO [2021-12-25 02:31:58] | Argument: Value
CMRI Bioinformatics INFO [2021-12-25 02:31:58] | ----------------------------------------------------
CMRI Bioinformatics INFO [2021-12-25 02:31:58] | fasta_file : /home/ignatius/PostDoc/2021/MultiPhos2021/Data/PLoS_Biology_2019/cleaned_fasta_sequences_16May2017_plus_missing.fasta
CMRI Bioinformatics INFO [2021-12-25 02:31:58] | raw_counts_file : /home/ignatius/PostDoc/2021/MultiPhos2021/Data/PLoS_Biology_2019/evidence.txt
CMRI Bioinformatics INFO [2021-12-25 02:31:58] | fasta_meta_file : aa_seq_tbl.RDS
CMRI Bioinformatics INFO [2021-12-25 02:31:58] | site_prob_threshold : 0.75
CMRI Bioinformatics INFO [2021-12-25 02:31:58] | recover_site_prob_thresh : 0.5
CMRI Bioinformatics INFO [2021-12-25 02:31:58] | col_pattern_string : ="Reporter intensity"
CMRI Bioinformatics INFO [2021-12-25 02:31:58] | add_cols_string : ""
CMRI Bioinformatics INFO [2021-12-25 02:31:58] | help : FALSE
CMRI Bioinformatics INFO [2021-12-25 02:31:58] | debug : FALSE
CMRI Bioinformatics INFO [2021-12-25 02:31:58] | silent : FALSE
CMRI Bioinformatics INFO [2021-12-25 02:31:58] | no_backup : FALSE
CMRI Bioinformatics INFO [2021-12-25 02:31:58] | config : /home/ignatius/PostDoc/2021/MultiPhos2021/Source/PLoS_2019/config_phos.ini
CMRI Bioinformatics INFO [2021-12-25 02:31:58] | output_dir : clean_phos
CMRI Bioinformatics INFO [2021-12-25 02:31:58] | tmp_dir : cache
CMRI Bioinformatics INFO [2021-12-25 02:31:58] | log_file : output.log
CMRI Bioinformatics INFO [2021-12-25 02:31:58] | ----------------------------------------------------
CMRI Bioinformatics INFO [2021-12-25 02:32:13] | Reading the fasta file: cache/aa_seq_tbl.RDS
CMRI Bioinformatics INFO [2021-12-25 02:32:13] | Get row ID and get cleaned peptide sequence.
CMRI Bioinformatics INFO [2021-12-25 02:32:13] | Use decision tree to get best accession per phosphosite evidence entry
CMRI Bioinformatics INFO [2021-12-25 02:32:15] | Remove peptides without abundance values at all
CMRI Bioinformatics INFO [2021-12-25 02:32:18] | Filter peptides with no intensity across all samples, extract intensity data, extract sites
CMRI Bioinformatics INFO [2021-12-25 03:13:44] | Filter peptides with no intensity across all samples, extract intensity data, extract sites
