nohup: ignoring input

===> ProteomeRiver

	
-----------------------------------
Installing ProteomeRiver on /home/ipang/opt
-----------------------------------
	
Loading required package: pacman
Warning message:
package ‘pacman’ was built under R version 4.2.2 
Failed with error:  ‘package ‘usethis’ could not be loaded’
Installing package into ‘/home/ipang/R/x86_64-pc-linux-gnu-library/4.2’
(as ‘lib’ is unspecified)
trying URL 'http://cran.rstudio.com/src/contrib/devtools_2.4.5.tar.gz'
Content type 'application/x-gzip' length 374718 bytes (365 KB)
==================================================
downloaded 365 KB

* installing *source* package ‘devtools’ ...
** package ‘devtools’ successfully unpacked and MD5 sums checked
** using staged installation
** R
** inst
** byte-compile and prepare package for lazy loading
Error: package or namespace load failed for ‘usethis’ in dyn.load(file, DLLpath = DLLpath, ...):
 unable to load shared object '/home/ipang/R/x86_64-pc-linux-gnu-library/4.2/vctrs/libs/vctrs.so':
  /home/ipang/R/x86_64-pc-linux-gnu-library/4.2/vctrs/libs/vctrs.so: undefined symbol: R_ActiveBindingFunction
Error: package ‘usethis’ could not be loaded
In addition: Warning message:
package ‘usethis’ was built under R version 4.2.2 
Execution halted
ERROR: lazy loading failed for package ‘devtools’
* removing ‘/home/ipang/R/x86_64-pc-linux-gnu-library/4.2/devtools’
* restoring previous ‘/home/ipang/R/x86_64-pc-linux-gnu-library/4.2/devtools’

The downloaded source packages are in
	‘/tmp/RtmpUMFCTm/downloaded_packages’

devtools installed
Failed with error:  ‘package ‘usethis’ could not be loaded’
In addition: Warning messages:
1: In utils::install.packages(package, ...) :
  installation of package ‘devtools’ had non-zero exit status
2: package ‘devtools’ was built under R version 4.2.2 
3: package ‘usethis’ was built under R version 4.2.2 
Warning message:
In p_load(devtools) : Failed to install/load:
devtools
Installing package into ‘/home/ipang/R/x86_64-pc-linux-gnu-library/4.2’
(as ‘lib’ is unspecified)
trying URL 'http://cran.rstudio.com/src/contrib/tidyverse_2.0.0.tar.gz'
Content type 'application/x-gzip' length 704618 bytes (688 KB)
==================================================
downloaded 688 KB

* installing *source* package ‘tidyverse’ ...
** package ‘tidyverse’ successfully unpacked and MD5 sums checked
** using staged installation
** R
** inst
** byte-compile and prepare package for lazy loading
** help
*** installing help indices
  converting help for package ‘tidyverse’
    finding HTML links ... done
    tidyverse-package                       html  
    tidyverse_conflicts                     html  
    tidyverse_deps                          html  
    tidyverse_logo                          html  
    tidyverse_packages                      html  
    tidyverse_sitrep                        html  
    tidyverse_update                        html  
*** copying figures
** building package indices
** installing vignettes
** testing if installed package can be loaded from temporary location
Warning: package ‘ggplot2’ was built under R version 4.2.2
Error: package or namespace load failed for ‘tidyverse’:
 .onAttach failed in attachNamespace() for 'tidyverse', details:
  call: NULL
  error: package or namespace load failed for ‘ggplot2’ in dyn.load(file, DLLpath = DLLpath, ...):
 unable to load shared object '/home/ipang/R/x86_64-pc-linux-gnu-library/4.2/vctrs/libs/vctrs.so':
  /home/ipang/R/x86_64-pc-linux-gnu-library/4.2/vctrs/libs/vctrs.so: undefined symbol: R_ActiveBindingFunction
Error: loading failed
Execution halted
ERROR: loading failed
* removing ‘/home/ipang/R/x86_64-pc-linux-gnu-library/4.2/tidyverse’
* restoring previous ‘/home/ipang/R/x86_64-pc-linux-gnu-library/4.2/tidyverse’

The downloaded source packages are in
	‘/tmp/RtmpUMFCTm/downloaded_packages’

tidyverse installed
Warning messages:
1: In utils::install.packages(package, ...) :
  installation of package ‘tidyverse’ had non-zero exit status
2: package ‘tidyverse’ was built under R version 4.2.2 
3: package ‘ggplot2’ was built under R version 4.2.2 
4: In p_load(tidyverse) : Failed to install/load:
tidyverse
Installing package into ‘/home/ipang/R/x86_64-pc-linux-gnu-library/4.2’
(as ‘lib’ is unspecified)
also installing the dependencies ‘ggsci’, ‘cowplot’, ‘ggsignif’, ‘rstatix’

trying URL 'http://cran.rstudio.com/src/contrib/ggsci_3.0.0.tar.gz'
Content type 'application/x-gzip' length 2312683 bytes (2.2 MB)
==================================================
downloaded 2.2 MB

trying URL 'http://cran.rstudio.com/src/contrib/cowplot_1.1.1.tar.gz'
Content type 'application/x-gzip' length 1353271 bytes (1.3 MB)
==================================================
downloaded 1.3 MB

trying URL 'http://cran.rstudio.com/src/contrib/ggsignif_0.6.4.tar.gz'
Content type 'application/x-gzip' length 587393 bytes (573 KB)
==================================================
downloaded 573 KB

trying URL 'http://cran.rstudio.com/src/contrib/rstatix_0.7.2.tar.gz'
Content type 'application/x-gzip' length 405256 bytes (395 KB)
==================================================
downloaded 395 KB

trying URL 'http://cran.rstudio.com/src/contrib/ggpubr_0.6.0.tar.gz'
Content type 'application/x-gzip' length 1941659 bytes (1.9 MB)
==================================================
downloaded 1.9 MB

* installing *source* package ‘ggsci’ ...
** package ‘ggsci’ successfully unpacked and MD5 sums checked
** using staged installation
** R
** inst
** byte-compile and prepare package for lazy loading
Error in dyn.load(file, DLLpath = DLLpath, ...) : 
  unable to load shared object '/home/ipang/R/x86_64-pc-linux-gnu-library/4.2/vctrs/libs/vctrs.so':
  /home/ipang/R/x86_64-pc-linux-gnu-library/4.2/vctrs/libs/vctrs.so: undefined symbol: R_ActiveBindingFunction
Calls: <Anonymous> ... namespaceImport -> loadNamespace -> library.dynam -> dyn.load
Execution halted
ERROR: lazy loading failed for package ‘ggsci’
* removing ‘/home/ipang/R/x86_64-pc-linux-gnu-library/4.2/ggsci’
* installing *source* package ‘cowplot’ ...
** package ‘cowplot’ successfully unpacked and MD5 sums checked
** using staged installation
** R
** inst
** byte-compile and prepare package for lazy loading
Error in dyn.load(file, DLLpath = DLLpath, ...) : 
  unable to load shared object '/home/ipang/R/x86_64-pc-linux-gnu-library/4.2/vctrs/libs/vctrs.so':
  /home/ipang/R/x86_64-pc-linux-gnu-library/4.2/vctrs/libs/vctrs.so: undefined symbol: R_ActiveBindingFunction
Calls: <Anonymous> ... namespaceImport -> loadNamespace -> library.dynam -> dyn.load
Execution halted
ERROR: lazy loading failed for package ‘cowplot’
* removing ‘/home/ipang/R/x86_64-pc-linux-gnu-library/4.2/cowplot’
* installing *source* package ‘ggsignif’ ...
** package ‘ggsignif’ successfully unpacked and MD5 sums checked
** using staged installation
** R
** inst
** byte-compile and prepare package for lazy loading
Error in dyn.load(file, DLLpath = DLLpath, ...) : 
  unable to load shared object '/home/ipang/R/x86_64-pc-linux-gnu-library/4.2/vctrs/libs/vctrs.so':
  /home/ipang/R/x86_64-pc-linux-gnu-library/4.2/vctrs/libs/vctrs.so: undefined symbol: R_ActiveBindingFunction
Error: unable to load R code in package ‘ggsignif’
Execution halted
ERROR: lazy loading failed for package ‘ggsignif’
* removing ‘/home/ipang/R/x86_64-pc-linux-gnu-library/4.2/ggsignif’
* installing *source* package ‘rstatix’ ...
** package ‘rstatix’ successfully unpacked and MD5 sums checked
** using staged installation
** R
** inst
** byte-compile and prepare package for lazy loading
Error in dyn.load(file, DLLpath = DLLpath, ...) : 
  unable to load shared object '/home/ipang/R/x86_64-pc-linux-gnu-library/4.2/vctrs/libs/vctrs.so':
  /home/ipang/R/x86_64-pc-linux-gnu-library/4.2/vctrs/libs/vctrs.so: undefined symbol: R_ActiveBindingFunction
Calls: <Anonymous> ... namespaceImport -> loadNamespace -> library.dynam -> dyn.load
Execution halted
ERROR: lazy loading failed for package ‘rstatix’
* removing ‘/home/ipang/R/x86_64-pc-linux-gnu-library/4.2/rstatix’
ERROR: dependencies ‘ggsci’, ‘cowplot’, ‘ggsignif’, ‘rstatix’ are not available for package ‘ggpubr’
* removing ‘/home/ipang/R/x86_64-pc-linux-gnu-library/4.2/ggpubr’

The downloaded source packages are in
	‘/tmp/RtmpUMFCTm/downloaded_packages’
Warning messages:
1: In utils::install.packages(package, ...) :
  installation of package ‘ggsci’ had non-zero exit status
2: In utils::install.packages(package, ...) :
  installation of package ‘cowplot’ had non-zero exit status
3: In utils::install.packages(package, ...) :
  installation of package ‘ggsignif’ had non-zero exit status
4: In utils::install.packages(package, ...) :
  installation of package ‘rstatix’ had non-zero exit status
5: In utils::install.packages(package, ...) :
  installation of package ‘ggpubr’ had non-zero exit status
6: In p_install(package, character.only = TRUE, ...) : 
7: In library(package, lib.loc = lib.loc, character.only = TRUE, logical.return = TRUE,  :
  there is no package called ‘ggpubr’
8: In p_load(ggpubr) : Failed to install/load:
ggpubr
Failed with error:  ‘package ‘ggplot2’ could not be loaded’
Installing package into ‘/home/ipang/R/x86_64-pc-linux-gnu-library/4.2’
(as ‘lib’ is unspecified)
trying URL 'http://cran.rstudio.com/src/contrib/plotly_4.10.1.tar.gz'
Content type 'application/x-gzip' length 3893413 bytes (3.7 MB)
==================================================
downloaded 3.7 MB

* installing *source* package ‘plotly’ ...
** package ‘plotly’ successfully unpacked and MD5 sums checked
** using staged installation
** R
** data
*** moving datasets to lazyload DB
** demo
** inst
** byte-compile and prepare package for lazy loading
Error: package or namespace load failed for ‘ggplot2’ in dyn.load(file, DLLpath = DLLpath, ...):
 unable to load shared object '/home/ipang/R/x86_64-pc-linux-gnu-library/4.2/vctrs/libs/vctrs.so':
  /home/ipang/R/x86_64-pc-linux-gnu-library/4.2/vctrs/libs/vctrs.so: undefined symbol: R_ActiveBindingFunction
Error: package ‘ggplot2’ could not be loaded
In addition: Warning message:
package ‘ggplot2’ was built under R version 4.2.2 
Execution halted
ERROR: lazy loading failed for package ‘plotly’
* removing ‘/home/ipang/R/x86_64-pc-linux-gnu-library/4.2/plotly’
* restoring previous ‘/home/ipang/R/x86_64-pc-linux-gnu-library/4.2/plotly’

The downloaded source packages are in
	‘/tmp/RtmpUMFCTm/downloaded_packages’

plotly installed
Failed with error:  ‘package ‘ggplot2’ could not be loaded’
In addition: Warning messages:
1: In utils::install.packages(package, ...) :
  installation of package ‘plotly’ had non-zero exit status
2: package ‘plotly’ was built under R version 4.2.2 
3: package ‘ggplot2’ was built under R version 4.2.2 
Warning message:
In p_load(plotly) : Failed to install/load:
plotly
Installing package into ‘/home/ipang/R/x86_64-pc-linux-gnu-library/4.2’
(as ‘lib’ is unspecified)
Error: Bioconductor version '3.16' requires R version '4.2'; use
  `BiocManager::install(version = '3.10')` with R version 3.6; see
  https://bioconductor.org/install
In addition: Warning message:
package ‘qvalue’ is not available (for R version 3.6.0) 
Execution halted
make: *** [install] Error 1
