CMRI Bioinformatics INFO [2024-05-08 15:00:58.404314] |    ______     __    __     ______     __       
CMRI Bioinformatics INFO [2024-05-08 15:00:58.407103] |   /\  ___\   /\ "-./  \   /\  == \   /\ \      
CMRI Bioinformatics INFO [2024-05-08 15:00:58.408928] |   \ \ \____  \ \ \-./\ \  \ \  __<   \ \ \     
CMRI Bioinformatics INFO [2024-05-08 15:00:58.410527] |    \ \_____\  \ \_\ \ \_\  \ \_\ \_\  \ \_\    
CMRI Bioinformatics INFO [2024-05-08 15:00:58.411312] |     \/_____/   \/_/  \/_/   \/_/ /_/   \/_/    
CMRI Bioinformatics INFO [2024-05-08 15:00:58.412441] | 
CMRI Bioinformatics INFO [2024-05-08 15:00:58.4132] | ---- Children’s Medical Research Institute ----
CMRI Bioinformatics INFO [2024-05-08 15:00:58.414347] |  Finding cures for childhood genetic diseases  
CMRI Bioinformatics INFO [2024-05-08 15:00:58.418865] | 
CMRI Bioinformatics INFO [2024-05-08 15:00:58.419489] |  ==============================================
CMRI Bioinformatics INFO [2024-05-08 15:00:58.422413] |  ProteomeRiver
CMRI Bioinformatics INFO [2024-05-08 15:00:58.423564] |  Author(s): Ignatius Pang,Pablo Galaviz
CMRI Bioinformatics INFO [2024-05-08 15:00:58.424386] |  cmri-bioinformatics@cmri.org.au
CMRI Bioinformatics INFO [2024-05-08 15:00:58.424852] |  ==============================================
CMRI Bioinformatics INFO [2024-05-08 15:00:58.425279] | 
CMRI Bioinformatics INFO [2024-05-08 15:00:58.427868] | Reading configuration file /Users/ignatiuspang/Workings/2024/e_33105_AGITG-GI_SarahHayes_20230327/config_prot.ini
CMRI Bioinformatics INFO [2024-05-08 15:00:58.430068] | Argument: Value
CMRI Bioinformatics INFO [2024-05-08 15:00:58.433043] | ----------------------------------------------------
CMRI Bioinformatics INFO [2024-05-08 15:00:58.442816] | max_num_samples_miss_per_group : 0
CMRI Bioinformatics INFO [2024-05-08 15:00:58.443426] | abundance_threshold : 0
CMRI Bioinformatics INFO [2024-05-08 15:00:58.452114] | group_pattern : (\d+)
CMRI Bioinformatics INFO [2024-05-08 15:00:58.454716] | normalization : none
CMRI Bioinformatics INFO [2024-05-08 15:00:58.456682] | q_val_thresh : 0.05
CMRI Bioinformatics INFO [2024-05-08 15:00:58.458977] | eBayes_trend : TRUE
CMRI Bioinformatics INFO [2024-05-08 15:00:58.460061] | eBayes_robust : TRUE
CMRI Bioinformatics INFO [2024-05-08 15:00:58.461363] | control_genes_q_val_thresh : 0.05
CMRI Bioinformatics INFO [2024-05-08 15:00:58.462809] | ruv_k : 0
CMRI Bioinformatics INFO [2024-05-08 15:00:58.464179] | num_neg_ctrl : 100
CMRI Bioinformatics INFO [2024-05-08 15:00:58.464752] | ruv_method : ruv3
CMRI Bioinformatics INFO [2024-05-08 15:00:58.465228] | counts_table_file : /Users/ignatiuspang/Workings/2024/e_33105_AGITG-GI_SarahHayes_20230327/results/proteomics/protein_qc/ruv_normalized_results.tsv
CMRI Bioinformatics INFO [2024-05-08 15:00:58.465755] | test_pairs_file : ""
CMRI Bioinformatics INFO [2024-05-08 15:00:58.466198] | contrasts_file : /Users/ignatiuspang/Workings/2024/e_33105_AGITG-GI_SarahHayes_20230327/contrast_strings.tab
CMRI Bioinformatics INFO [2024-05-08 15:00:58.466647] | formula_string : "~ 0 + group "
CMRI Bioinformatics INFO [2024-05-08 15:00:58.467162] | design_matrix_file : /Users/ignatiuspang/Workings/2024/e_33105_AGITG-GI_SarahHayes_20230327/design_matrix.tab
CMRI Bioinformatics INFO [2024-05-08 15:00:58.467626] | sample_id : Sample_ID
CMRI Bioinformatics INFO [2024-05-08 15:00:58.468734] | group_id : group
CMRI Bioinformatics INFO [2024-05-08 15:00:58.469225] | row_id : uniprot_acc
CMRI Bioinformatics INFO [2024-05-08 15:00:58.469661] | file_prefix : de_proteins
CMRI Bioinformatics INFO [2024-05-08 15:00:58.470058] | output_dir : results/proteomics/de_proteins
CMRI Bioinformatics INFO [2024-05-08 15:00:58.470456] | help : FALSE
CMRI Bioinformatics INFO [2024-05-08 15:00:58.470856] | debug : FALSE
CMRI Bioinformatics INFO [2024-05-08 15:00:58.471261] | silent : FALSE
CMRI Bioinformatics INFO [2024-05-08 15:00:58.471677] | no_backup : FALSE
CMRI Bioinformatics INFO [2024-05-08 15:00:58.4721] | config : /Users/ignatiuspang/Workings/2024/e_33105_AGITG-GI_SarahHayes_20230327/config_prot.ini
CMRI Bioinformatics INFO [2024-05-08 15:00:58.472538] | log_file : output.log
CMRI Bioinformatics INFO [2024-05-08 15:00:58.475008] | ----------------------------------------------------
CMRI Bioinformatics WARNING [2024-05-08 15:00:58.580845] | treat_lfc_cutoff is undefined, default value set to NA.
CMRI Bioinformatics WARNING [2024-05-08 15:00:58.615985] | handling_zeros is undefined, default value set to mark_as_na.
CMRI Bioinformatics WARNING [2024-05-08 15:00:58.624144] | imputation is undefined, default value set to FALSE.
CMRI Bioinformatics WARNING [2024-05-08 15:00:58.656719] | impute_min_percent is undefined, default value set to NA.
CMRI Bioinformatics WARNING [2024-05-08 15:00:58.663887] | impute_min_num_of_groups is undefined, default value set to NA.
CMRI Bioinformatics WARNING [2024-05-08 15:00:58.670971] | impute_specific_percent is undefined, default value set to NA.
CMRI Bioinformatics WARNING [2024-05-08 15:00:58.678167] | remove_imputed is undefined, default value set to FALSE.
CMRI Bioinformatics WARNING [2024-05-08 15:00:58.687099] | remove_imputed_perc is undefined, default value set to 1.
CMRI Bioinformatics WARNING [2024-05-08 15:00:58.8706] | plots_format is undefined, default output set to pdf.
CMRI Bioinformatics WARNING [2024-05-08 15:00:58.943812] | Replicate_group_id is NA
CMRI Bioinformatics WARNING [2024-05-08 15:00:58.95601] | average_replicates_id is NA
CMRI Bioinformatics INFO [2024-05-08 15:00:59.042853] | Read file with counts table /Users/ignatiuspang/Workings/2024/e_33105_AGITG-GI_SarahHayes_20230327/results/proteomics/protein_qc/ruv_normalized_results.tsv
CMRI Bioinformatics INFO [2024-05-08 15:00:59.179061] | Read design matrix file.
CMRI Bioinformatics INFO [2024-05-08 15:00:59.355913] | Assign the indexing row names to the data frame.
CMRI Bioinformatics INFO [2024-05-08 15:00:59.688123] | Dealing with zero versus NA values 
CMRI Bioinformatics INFO [2024-05-08 15:00:59.769677] | Between array normalization.
CMRI Bioinformatics INFO [2024-05-08 15:00:59.856349] | Run statistical tests without RUV.
CMRI Bioinformatics INFO [2024-05-08 15:02:01.741865] | Find the list of negative control genes using ANOVA.
CMRI Bioinformatics INFO [2024-05-08 15:02:01.82622] | Total Num. Genes 1601
CMRI Bioinformatics INFO [2024-05-08 15:02:01.863035] | Num. Control Genes 100
CMRI Bioinformatics INFO [2024-05-08 15:02:05.873859] | Draw canonical correlation plot.
CMRI Bioinformatics INFO [2024-05-08 15:03:21.686997] | Find the list of negative control genes using ANOVA.
CMRI Bioinformatics INFO [2024-05-08 15:03:21.839749] | Total Num. Genes 1601
CMRI Bioinformatics INFO [2024-05-08 15:03:21.843343] | Num. Control Genes 100
CMRI Bioinformatics INFO [2024-05-08 15:03:26.747845] | Draw canonical correlation plot.
