CMRI Bioinformatics INFO [2024-05-08 14:58:55.939306] |    ______     __    __     ______     __       
CMRI Bioinformatics INFO [2024-05-08 14:58:55.9409] |   /\  ___\   /\ "-./  \   /\  == \   /\ \      
CMRI Bioinformatics INFO [2024-05-08 14:58:55.942305] |   \ \ \____  \ \ \-./\ \  \ \  __<   \ \ \     
CMRI Bioinformatics INFO [2024-05-08 14:58:55.943613] |    \ \_____\  \ \_\ \ \_\  \ \_\ \_\  \ \_\    
CMRI Bioinformatics INFO [2024-05-08 14:58:55.944779] |     \/_____/   \/_/  \/_/   \/_/ /_/   \/_/    
CMRI Bioinformatics INFO [2024-05-08 14:58:55.948529] | 
CMRI Bioinformatics INFO [2024-05-08 14:58:55.950174] | ---- Children’s Medical Research Institute ----
CMRI Bioinformatics INFO [2024-05-08 14:58:55.950695] |  Finding cures for childhood genetic diseases  
CMRI Bioinformatics INFO [2024-05-08 14:58:55.951208] | 
CMRI Bioinformatics INFO [2024-05-08 14:58:55.953343] |  ==============================================
CMRI Bioinformatics INFO [2024-05-08 14:58:55.954173] |  ProteomeRiver
CMRI Bioinformatics INFO [2024-05-08 14:58:55.954949] |  Author(s): Ignatius Pang,Pablo Galaviz
CMRI Bioinformatics INFO [2024-05-08 14:58:55.955363] |  cmri-bioinformatics@cmri.org.au
CMRI Bioinformatics INFO [2024-05-08 14:58:55.955729] |  ==============================================
CMRI Bioinformatics INFO [2024-05-08 14:58:55.956074] | 
CMRI Bioinformatics INFO [2024-05-08 14:58:55.958082] | Reading configuration file /Users/ignatiuspang/Workings/2024/e_33105_AGITG-GI_SarahHayes_20230327/config_prot.ini
CMRI Bioinformatics INFO [2024-05-08 14:58:55.959747] | Argument: Value
CMRI Bioinformatics INFO [2024-05-08 14:58:55.961527] | ----------------------------------------------------
CMRI Bioinformatics INFO [2024-05-08 14:58:55.979289] | max_num_samples_miss_per_group : 0
CMRI Bioinformatics INFO [2024-05-08 14:58:55.986417] | abundance_threshold : 0
CMRI Bioinformatics INFO [2024-05-08 14:58:55.992343] | group_pattern : (\d+)
CMRI Bioinformatics INFO [2024-05-08 14:58:56.010972] | normalization : none
CMRI Bioinformatics INFO [2024-05-08 14:58:56.016281] | q_val_thresh : 0.05
CMRI Bioinformatics INFO [2024-05-08 14:58:56.02004] | eBayes_trend : TRUE
CMRI Bioinformatics INFO [2024-05-08 14:58:56.02239] | eBayes_robust : TRUE
CMRI Bioinformatics INFO [2024-05-08 14:58:56.023076] | control_genes_q_val_thresh : 0.05
CMRI Bioinformatics INFO [2024-05-08 14:58:56.023846] | ruv_k : 0
CMRI Bioinformatics INFO [2024-05-08 14:58:56.024349] | num_neg_ctrl : 100
CMRI Bioinformatics INFO [2024-05-08 14:58:56.025136] | ruv_method : ruv3
CMRI Bioinformatics INFO [2024-05-08 14:58:56.025595] | counts_table_file : /Users/ignatiuspang/Workings/2024/e_33105_AGITG-GI_SarahHayes_20230327/results/proteomics/protein_qc/ruv_normalized_results.tsv
CMRI Bioinformatics INFO [2024-05-08 14:58:56.026036] | test_pairs_file : ""
CMRI Bioinformatics INFO [2024-05-08 14:58:56.02643] | contrasts_file : /Users/ignatiuspang/Workings/2024/e_33105_AGITG-GI_SarahHayes_20230327/contrast_strings.tab
CMRI Bioinformatics INFO [2024-05-08 14:58:56.026824] | formula_string : "~ 0 + group "
CMRI Bioinformatics INFO [2024-05-08 14:58:56.027213] | design_matrix_file : /Users/ignatiuspang/Workings/2024/e_33105_AGITG-GI_SarahHayes_20230327/design_matrix.tab
CMRI Bioinformatics INFO [2024-05-08 14:58:56.027595] | sample_id : Sample_ID
CMRI Bioinformatics INFO [2024-05-08 14:58:56.027961] | group_id : group
CMRI Bioinformatics INFO [2024-05-08 14:58:56.028316] | row_id : uniprot_acc
CMRI Bioinformatics INFO [2024-05-08 14:58:56.02867] | file_prefix : de_proteins
CMRI Bioinformatics INFO [2024-05-08 14:58:56.029008] | output_dir : results/proteomics/de_proteins
CMRI Bioinformatics INFO [2024-05-08 14:58:56.029344] | help : FALSE
CMRI Bioinformatics INFO [2024-05-08 14:58:56.029681] | debug : FALSE
CMRI Bioinformatics INFO [2024-05-08 14:58:56.030007] | silent : FALSE
CMRI Bioinformatics INFO [2024-05-08 14:58:56.030343] | no_backup : FALSE
CMRI Bioinformatics INFO [2024-05-08 14:58:56.030691] | config : /Users/ignatiuspang/Workings/2024/e_33105_AGITG-GI_SarahHayes_20230327/config_prot.ini
CMRI Bioinformatics INFO [2024-05-08 14:58:56.031101] | log_file : output.log
CMRI Bioinformatics INFO [2024-05-08 14:58:56.033813] | ----------------------------------------------------
CMRI Bioinformatics WARNING [2024-05-08 14:58:56.124577] | treat_lfc_cutoff is undefined, default value set to NA.
CMRI Bioinformatics WARNING [2024-05-08 14:58:56.184757] | handling_zeros is undefined, default value set to mark_as_na.
CMRI Bioinformatics WARNING [2024-05-08 14:58:56.191304] | imputation is undefined, default value set to FALSE.
CMRI Bioinformatics WARNING [2024-05-08 14:58:56.197485] | impute_min_percent is undefined, default value set to NA.
CMRI Bioinformatics WARNING [2024-05-08 14:58:56.205117] | impute_min_num_of_groups is undefined, default value set to NA.
CMRI Bioinformatics WARNING [2024-05-08 14:58:56.214489] | impute_specific_percent is undefined, default value set to NA.
CMRI Bioinformatics WARNING [2024-05-08 14:58:56.222676] | remove_imputed is undefined, default value set to FALSE.
CMRI Bioinformatics WARNING [2024-05-08 14:58:56.229856] | remove_imputed_perc is undefined, default value set to 1.
CMRI Bioinformatics WARNING [2024-05-08 14:58:56.443422] | plots_format is undefined, default output set to pdf.
CMRI Bioinformatics WARNING [2024-05-08 14:58:56.488175] | Replicate_group_id is NA
CMRI Bioinformatics WARNING [2024-05-08 14:58:56.500286] | average_replicates_id is NA
CMRI Bioinformatics INFO [2024-05-08 14:58:56.588293] | Read file with counts table /Users/ignatiuspang/Workings/2024/e_33105_AGITG-GI_SarahHayes_20230327/results/proteomics/protein_qc/ruv_normalized_results.tsv
CMRI Bioinformatics INFO [2024-05-08 14:58:56.712561] | Read design matrix file.
CMRI Bioinformatics INFO [2024-05-08 14:58:56.877943] | Assign the indexing row names to the data frame.
CMRI Bioinformatics INFO [2024-05-08 14:58:57.221543] | Dealing with zero versus NA values 
CMRI Bioinformatics INFO [2024-05-08 14:58:57.301812] | Between array normalization.
CMRI Bioinformatics INFO [2024-05-08 14:58:57.373767] | Run statistical tests without RUV.
