CMRI Bioinformatics INFO [2021-11-19 01:33:50] |    ______     __    __     ______     __       
CMRI Bioinformatics INFO [2021-11-19 01:33:50] |   /\  ___\   /\ "-./  \   /\  == \   /\ \      
CMRI Bioinformatics INFO [2021-11-19 01:33:50] |   \ \ \____  \ \ \-./\ \  \ \  __<   \ \ \     
CMRI Bioinformatics INFO [2021-11-19 01:33:50] |    \ \_____\  \ \_\ \ \_\  \ \_\ \_\  \ \_\    
CMRI Bioinformatics INFO [2021-11-19 01:33:50] |     \/_____/   \/_/  \/_/   \/_/ /_/   \/_/    
CMRI Bioinformatics INFO [2021-11-19 01:33:50] | 
CMRI Bioinformatics INFO [2021-11-19 01:33:50] | ---- Children’s Medical Research Institute ----
CMRI Bioinformatics INFO [2021-11-19 01:33:50] |  Finding cures for childhood genetic diseases  
CMRI Bioinformatics INFO [2021-11-19 01:33:50] | 
CMRI Bioinformatics INFO [2021-11-19 01:33:50] |  ==============================================
CMRI Bioinformatics INFO [2021-11-19 01:33:50] |  ProteomeRiver
CMRI Bioinformatics INFO [2021-11-19 01:33:50] |  Author(s): Ignatius Pang,Pablo Galaviz
CMRI Bioinformatics INFO [2021-11-19 01:33:50] |  cmri-bioinformatics@cmri.org.au
CMRI Bioinformatics INFO [2021-11-19 01:33:50] |  ==============================================
CMRI Bioinformatics INFO [2021-11-19 01:33:50] | 
CMRI Bioinformatics INFO [2021-11-19 01:33:50] | Reading configuration file /home/ignatius/PostDoc/2021/MultiPhos2021/Source/PLoS_2019/config_phos.ini
CMRI Bioinformatics INFO [2021-11-19 01:33:50] | Argument: Value
CMRI Bioinformatics INFO [2021-11-19 01:33:50] | ----------------------------------------------------
CMRI Bioinformatics INFO [2021-11-19 01:33:50] | phosphosite_db_dir : /home/ignatius/PostDoc/2021/Podocyte_2021/Data/PhosphositePlus/20210730
CMRI Bioinformatics INFO [2021-11-19 01:33:50] | uniprot_kinase_file : /home/ignatius/PostDoc/2021/Podocyte_2021/Data/UniProt/pkinfam.tab
CMRI Bioinformatics INFO [2021-11-19 01:33:50] | norm_phos_logfc_file : /home/ignatius/PostDoc/2021/MultiPhos2021/Results/PLoS_Biology_2019/annot_phos/de_phos_long_annot.tsv
CMRI Bioinformatics INFO [2021-11-19 01:33:50] | uniprot_other_kinase_file : atypical_and_other_kinases_data.RDS
CMRI Bioinformatics INFO [2021-11-19 01:33:50] | log_fc_column_name : log2FC
CMRI Bioinformatics INFO [2021-11-19 01:33:50] | fdr_column_name : q.mod
CMRI Bioinformatics INFO [2021-11-19 01:33:50] | help : FALSE
CMRI Bioinformatics INFO [2021-11-19 01:33:50] | debug : FALSE
CMRI Bioinformatics INFO [2021-11-19 01:33:50] | silent : FALSE
CMRI Bioinformatics INFO [2021-11-19 01:33:50] | config : /home/ignatius/PostDoc/2021/MultiPhos2021/Source/PLoS_2019/config_phos.ini
CMRI Bioinformatics INFO [2021-11-19 01:33:50] | tmp_dir : cache
CMRI Bioinformatics INFO [2021-11-19 01:33:50] | num_cores : 6
CMRI Bioinformatics INFO [2021-11-19 01:33:50] | kinase_specificity : ST
CMRI Bioinformatics INFO [2021-11-19 01:33:50] | output_dir : phos_kinswingr_ST
CMRI Bioinformatics INFO [2021-11-19 01:33:50] | no_backup : FALSE
CMRI Bioinformatics INFO [2021-11-19 01:33:50] | log_file : output.log
CMRI Bioinformatics INFO [2021-11-19 01:33:50] | ----------------------------------------------------
CMRI Bioinformatics ERROR [2021-11-19 01:33:50] | Missing required file: /home/ignatius/PostDoc/2021/MultiPhos2021/Results/PLoS_Biology_2019/annot_phos/de_phos_long_annot.tsv
