CMRI Bioinformatics INFO [2021-12-25 04:32:26] |    ______     __    __     ______     __       
CMRI Bioinformatics INFO [2021-12-25 04:32:26] |   /\  ___\   /\ "-./  \   /\  == \   /\ \      
CMRI Bioinformatics INFO [2021-12-25 04:32:26] |   \ \ \____  \ \ \-./\ \  \ \  __<   \ \ \     
CMRI Bioinformatics INFO [2021-12-25 04:32:26] |    \ \_____\  \ \_\ \ \_\  \ \_\ \_\  \ \_\    
CMRI Bioinformatics INFO [2021-12-25 04:32:26] |     \/_____/   \/_/  \/_/   \/_/ /_/   \/_/    
CMRI Bioinformatics INFO [2021-12-25 04:32:26] | 
CMRI Bioinformatics INFO [2021-12-25 04:32:26] | ---- Children’s Medical Research Institute ----
CMRI Bioinformatics INFO [2021-12-25 04:32:26] |  Finding cures for childhood genetic diseases  
CMRI Bioinformatics INFO [2021-12-25 04:32:26] | 
CMRI Bioinformatics INFO [2021-12-25 04:32:26] |  ==============================================
CMRI Bioinformatics INFO [2021-12-25 04:32:26] |  ProteomeRiver
CMRI Bioinformatics INFO [2021-12-25 04:32:26] |  Author(s): Ignatius Pang,Pablo Galaviz
CMRI Bioinformatics INFO [2021-12-25 04:32:26] |  cmri-bioinformatics@cmri.org.au
CMRI Bioinformatics INFO [2021-12-25 04:32:26] |  ==============================================
CMRI Bioinformatics INFO [2021-12-25 04:32:26] | 
CMRI Bioinformatics INFO [2021-12-25 04:32:26] | Reading configuration file /home/ignatius/PostDoc/2021/MultiPhos2021/Source/PLoS_2019/config_phos.ini
CMRI Bioinformatics INFO [2021-12-25 04:32:26] | Argument: Value
CMRI Bioinformatics INFO [2021-12-25 04:32:26] | ----------------------------------------------------
CMRI Bioinformatics INFO [2021-12-25 04:32:26] | fasta_file : /home/ignatius/PostDoc/2021/MultiPhos2021/Data/PLoS_Biology_2019/cleaned_fasta_sequences_16May2017_plus_missing.fasta
CMRI Bioinformatics INFO [2021-12-25 04:32:26] | raw_counts_file : /home/ignatius/PostDoc/2021/MultiPhos2021/Data/PLoS_Biology_2019/evidence.txt
CMRI Bioinformatics INFO [2021-12-25 04:32:26] | fasta_meta_file : aa_seq_tbl.RDS
CMRI Bioinformatics INFO [2021-12-25 04:32:26] | site_prob_threshold : 0.75
CMRI Bioinformatics INFO [2021-12-25 04:32:26] | recover_site_prob_thresh : 0.5
CMRI Bioinformatics INFO [2021-12-25 04:32:26] | col_pattern_string : ="Reporter intensity"
CMRI Bioinformatics INFO [2021-12-25 04:32:26] | add_cols_string : ""
CMRI Bioinformatics INFO [2021-12-25 04:32:26] | help : FALSE
CMRI Bioinformatics INFO [2021-12-25 04:32:26] | debug : FALSE
CMRI Bioinformatics INFO [2021-12-25 04:32:26] | silent : FALSE
CMRI Bioinformatics INFO [2021-12-25 04:32:26] | no_backup : FALSE
CMRI Bioinformatics INFO [2021-12-25 04:32:26] | config : /home/ignatius/PostDoc/2021/MultiPhos2021/Source/PLoS_2019/config_phos.ini
CMRI Bioinformatics INFO [2021-12-25 04:32:26] | output_dir : clean_phos
CMRI Bioinformatics INFO [2021-12-25 04:32:26] | tmp_dir : cache
CMRI Bioinformatics INFO [2021-12-25 04:32:26] | log_file : output.log
CMRI Bioinformatics INFO [2021-12-25 04:32:26] | ----------------------------------------------------
CMRI Bioinformatics INFO [2021-12-25 04:32:26] | Reading the fasta file: cache/aa_seq_tbl.RDS
CMRI Bioinformatics INFO [2021-12-25 04:32:26] | Get row ID and get cleaned peptide sequence.
CMRI Bioinformatics INFO [2021-12-25 04:32:27] | Use decision tree to get best accession per phosphosite evidence entry
CMRI Bioinformatics INFO [2021-12-25 04:32:28] | Remove peptides without abundance values at all
